INFO       2024-05-01 00:54:02,422 Создан объект с именем - .pytest_cache, флагом:dir каталога "auto_test_tasks"
INFO       2024-05-01 00:54:02,422 Создан объект с именем - __pycache__, флагом:dir каталога "auto_test_tasks"
INFO       2024-05-01 00:54:02,422 Создан объект с именем - task_1.py, расширением:py каталога "auto_test_tasks"
INFO       2024-05-01 00:54:02,422 Создан объект с именем - task_2.py, расширением:py каталога "auto_test_tasks"
INFO       2024-05-01 00:54:02,422 Создан объект с именем - task_3.py, расширением:py каталога "auto_test_tasks"
INFO       2024-05-01 00:54:02,433 Создан объект с именем - task_4.py, расширением:py каталога "auto_test_tasks"
INFO       2024-05-01 00:54:02,433 Создан объект с именем - task_5.py, расширением:py каталога "auto_test_tasks"
INFO       2024-05-01 00:54:02,433 Создан объект с именем - task_6.py, расширением:py каталога "auto_test_tasks"
INFO       2024-05-01 00:54:02,433 Создан объект с именем - v, флагом:dir каталога ".pytest_cache"
INFO       2024-05-01 00:54:02,433 Создан объект с именем - .gitignore, расширением:gitignore каталога ".pytest_cache"
INFO       2024-05-01 00:54:02,433 Создан объект с именем - CACHEDIR.TAG, расширением:TAG каталога ".pytest_cache"
INFO       2024-05-01 00:54:02,433 Создан объект с именем - README.md, расширением:md каталога ".pytest_cache"
INFO       2024-05-01 00:54:02,433 Создан объект с именем - cache, флагом:dir каталога "v"
INFO       2024-05-01 00:54:02,433 Создан объект с именем - lastfailed, расширением:lastfailed каталога "cache"
INFO       2024-05-01 00:54:02,433 Создан объект с именем - nodeids, расширением:nodeids каталога "cache"
INFO       2024-05-01 00:54:02,433 Создан объект с именем - stepwise, расширением:stepwise каталога "cache"
INFO       2024-05-01 00:54:02,433 Создан объект с именем - task_5.cpython-311-pytest-8.1.1.pyc, расширением:pyc каталога "__pycache__"
INFO       2024-05-01 00:54:02,433 Создан объект с именем - task_6.cpython-311-pytest-8.1.1.pyc, расширением:pyc каталога "__pycache__"
INFO       2024-05-01 00:54:14,836 Создан объект с именем - .pytest_cache, флагом:dir каталога "auto_test_tasks"
INFO       2024-05-01 00:54:14,836 Создан объект с именем - __pycache__, флагом:dir каталога "auto_test_tasks"
INFO       2024-05-01 00:54:14,836 Создан объект с именем - task_1.py, расширением:py каталога "auto_test_tasks"
INFO       2024-05-01 00:54:14,836 Создан объект с именем - task_2.py, расширением:py каталога "auto_test_tasks"
INFO       2024-05-01 00:54:14,836 Создан объект с именем - task_3.py, расширением:py каталога "auto_test_tasks"
INFO       2024-05-01 00:54:14,836 Создан объект с именем - task_4.py, расширением:py каталога "auto_test_tasks"
INFO       2024-05-01 00:54:14,836 Создан объект с именем - task_5.py, расширением:py каталога "auto_test_tasks"
INFO       2024-05-01 00:54:14,836 Создан объект с именем - task_6.py, расширением:py каталога "auto_test_tasks"
INFO       2024-05-01 00:54:14,836 Создан объект с именем - v, флагом:dir каталога ".pytest_cache"
INFO       2024-05-01 00:54:14,836 Создан объект с именем - .gitignore, расширением:gitignore каталога ".pytest_cache"
INFO       2024-05-01 00:54:14,836 Создан объект с именем - CACHEDIR.TAG, расширением:TAG каталога ".pytest_cache"
INFO       2024-05-01 00:54:14,836 Создан объект с именем - README.md, расширением:md каталога ".pytest_cache"
INFO       2024-05-01 00:54:14,838 Создан объект с именем - cache, флагом:dir каталога "v"
INFO       2024-05-01 00:54:14,838 Создан объект с именем - lastfailed, расширением:lastfailed каталога "cache"
INFO       2024-05-01 00:54:14,838 Создан объект с именем - nodeids, расширением:nodeids каталога "cache"
INFO       2024-05-01 00:54:14,838 Создан объект с именем - stepwise, расширением:stepwise каталога "cache"
INFO       2024-05-01 00:54:14,838 Создан объект с именем - task_5.cpython-311-pytest-8.1.1.pyc, расширением:pyc каталога "__pycache__"
INFO       2024-05-01 00:54:14,838 Создан объект с именем - task_6.cpython-311-pytest-8.1.1.pyc, расширением:pyc каталога "__pycache__"
